<?xml version="1.0" encoding="UTF-8"?>
<!-- Generated by org.testng.reporters.JUnitReportReporter -->
<testsuite skipped="0" hostname="DESKTOP-09P7JJ4" name="com.eCommerce.qa.testcases.Testcases" tests="1" failures="0" timestamp="2021-10-25T01:28:05 IST" time="79.895" errors="0">
  <testcase name="LoginTest" time="79.895" classname="com.eCommerce.qa.testcases.Testcases"/>
  <system-out/>
</testsuite> <!-- com.eCommerce.qa.testcases.Testcases -->
